\BOOKMARK [0][-]{chapter.1}{\376\377\0001\000\040\000C\000l\000a\000s\000s\000\040\000I\000n\000d\000e\000x}{}% 1
\BOOKMARK [1][-]{section.1.1}{\376\377\0001\000.\0001\000\040\000C\000l\000a\000s\000s\000\040\000L\000i\000s\000t}{chapter.1}% 2
\BOOKMARK [0][-]{chapter.2}{\376\377\0002\000\040\000F\000i\000l\000e\000\040\000I\000n\000d\000e\000x}{}% 3
\BOOKMARK [1][-]{section.2.1}{\376\377\0002\000.\0001\000\040\000F\000i\000l\000e\000\040\000L\000i\000s\000t}{chapter.2}% 4
\BOOKMARK [0][-]{chapter.3}{\376\377\0003\000\040\000C\000l\000a\000s\000s\000\040\000D\000o\000c\000u\000m\000e\000n\000t\000a\000t\000i\000o\000n}{}% 5
\BOOKMARK [1][-]{section.3.1}{\376\377\0003\000.\0001\000\040\000B\000a\000s\000e\000D\000o\000n\000n\000e\000e\000\040\000C\000l\000a\000s\000s\000\040\000R\000e\000f\000e\000r\000e\000n\000c\000e}{chapter.3}% 6
\BOOKMARK [2][-]{subsection.3.1.1}{\376\377\0003\000.\0001\000.\0001\000\040\000C\000o\000n\000s\000t\000r\000u\000c\000t\000o\000r\000\040\000\046\000\040\000D\000e\000s\000t\000r\000u\000c\000t\000o\000r\000\040\000D\000o\000c\000u\000m\000e\000n\000t\000a\000t\000i\000o\000n}{section.3.1}% 7
\BOOKMARK [3][-]{subsubsection.3.1.1.1}{\376\377\0003\000.\0001\000.\0001\000.\0001\000\040\000B\000a\000s\000e\000D\000o\000n\000n\000e\000e\000\050\000\051}{subsection.3.1.1}% 8
\BOOKMARK [2][-]{subsection.3.1.2}{\376\377\0003\000.\0001\000.\0002\000\040\000M\000e\000m\000b\000e\000r\000\040\000F\000u\000n\000c\000t\000i\000o\000n\000\040\000D\000o\000c\000u\000m\000e\000n\000t\000a\000t\000i\000o\000n}{section.3.1}% 9
\BOOKMARK [3][-]{subsubsection.3.1.2.1}{\376\377\0003\000.\0001\000.\0002\000.\0001\000\040\000a\000f\000f\000i\000c\000h\000e\000r\000\137\000l\000i\000s\000t\000e\000\137\000c\000l\000i\000e\000n\000t\000\050\000\051}{subsection.3.1.2}% 10
\BOOKMARK [3][-]{subsubsection.3.1.2.2}{\376\377\0003\000.\0001\000.\0002\000.\0002\000\040\000a\000j\000o\000u\000t\000e\000r\000\137\000c\000l\000i\000e\000n\000t\000\050\000\051}{subsection.3.1.2}% 11
\BOOKMARK [3][-]{subsubsection.3.1.2.3}{\376\377\0003\000.\0001\000.\0002\000.\0003\000\040\000a\000u\000t\000h\000e\000n\000t\000i\000f\000i\000e\000r\000\050\000\051}{subsection.3.1.2}% 12
\BOOKMARK [3][-]{subsubsection.3.1.2.4}{\376\377\0003\000.\0001\000.\0002\000.\0004\000\040\000i\000n\000i\000t\000\137\000b\000a\000s\000e\000\137\000c\000l\000i\000e\000n\000t\000\050\000\051}{subsection.3.1.2}% 13
\BOOKMARK [3][-]{subsubsection.3.1.2.5}{\376\377\0003\000.\0001\000.\0002\000.\0005\000\040\000r\000e\000\137\000a\000u\000t\000h\000e\000n\000t\000i\000f\000i\000e\000r\000\050\000\051}{subsection.3.1.2}% 14
\BOOKMARK [3][-]{subsubsection.3.1.2.6}{\376\377\0003\000.\0001\000.\0002\000.\0006\000\040\000s\000u\000p\000p\000r\000i\000m\000e\000r\000\137\000c\000l\000i\000e\000n\000t\000\050\000\051}{subsection.3.1.2}% 15
\BOOKMARK [2][-]{subsection.3.1.3}{\376\377\0003\000.\0001\000.\0003\000\040\000M\000e\000m\000b\000e\000r\000\040\000D\000a\000t\000a\000\040\000D\000o\000c\000u\000m\000e\000n\000t\000a\000t\000i\000o\000n}{section.3.1}% 16
\BOOKMARK [3][-]{subsubsection.3.1.3.1}{\376\377\0003\000.\0001\000.\0003\000.\0001\000\040\000b\000a\000s\000e\000\137\000d\000o\000n\000n\000e\000s}{subsection.3.1.3}% 17
\BOOKMARK [3][-]{subsubsection.3.1.3.2}{\376\377\0003\000.\0001\000.\0003\000.\0002\000\040\000d\000e\000r\000n\000i\000e\000r\000\137\000c\000l\000i\000e\000n\000t}{subsection.3.1.3}% 18
\BOOKMARK [3][-]{subsubsection.3.1.3.3}{\376\377\0003\000.\0001\000.\0003\000.\0003\000\040\000i}{subsection.3.1.3}% 19
\BOOKMARK [3][-]{subsubsection.3.1.3.4}{\376\377\0003\000.\0001\000.\0003\000.\0004\000\040\000n\000b\000\137\000c\000l\000i\000e\000n\000t\000s}{subsection.3.1.3}% 20
\BOOKMARK [1][-]{section.3.2}{\376\377\0003\000.\0002\000\040\000B\000o\000r\000n\000e\000\040\000C\000l\000a\000s\000s\000\040\000R\000e\000f\000e\000r\000e\000n\000c\000e}{chapter.3}% 21
\BOOKMARK [2][-]{subsection.3.2.1}{\376\377\0003\000.\0002\000.\0001\000\040\000C\000o\000n\000s\000t\000r\000u\000c\000t\000o\000r\000\040\000\046\000\040\000D\000e\000s\000t\000r\000u\000c\000t\000o\000r\000\040\000D\000o\000c\000u\000m\000e\000n\000t\000a\000t\000i\000o\000n}{section.3.2}% 22
\BOOKMARK [3][-]{subsubsection.3.2.1.1}{\376\377\0003\000.\0002\000.\0001\000.\0001\000\040\000B\000o\000r\000n\000e\000\050\000\051}{subsection.3.2.1}% 23
\BOOKMARK [1][-]{section.3.3}{\376\377\0003\000.\0003\000\040\000B\000o\000u\000t\000o\000n\000s\000\040\000C\000l\000a\000s\000s\000\040\000R\000e\000f\000e\000r\000e\000n\000c\000e}{chapter.3}% 24
\BOOKMARK [2][-]{subsection.3.3.1}{\376\377\0003\000.\0003\000.\0001\000\040\000C\000o\000n\000s\000t\000r\000u\000c\000t\000o\000r\000\040\000\046\000\040\000D\000e\000s\000t\000r\000u\000c\000t\000o\000r\000\040\000D\000o\000c\000u\000m\000e\000n\000t\000a\000t\000i\000o\000n}{section.3.3}% 25
\BOOKMARK [3][-]{subsubsection.3.3.1.1}{\376\377\0003\000.\0003\000.\0001\000.\0001\000\040\000B\000o\000u\000t\000o\000n\000s\000\050\000\051}{subsection.3.3.1}% 26
\BOOKMARK [2][-]{subsection.3.3.2}{\376\377\0003\000.\0003\000.\0002\000\040\000M\000e\000m\000b\000e\000r\000\040\000F\000u\000n\000c\000t\000i\000o\000n\000\040\000D\000o\000c\000u\000m\000e\000n\000t\000a\000t\000i\000o\000n}{section.3.3}% 27
\BOOKMARK [3][-]{subsubsection.3.3.2.1}{\376\377\0003\000.\0003\000.\0002\000.\0001\000\040\000c\000h\000a\000r\000g\000e\000\050\000\051}{subsection.3.3.2}% 28
\BOOKMARK [3][-]{subsubsection.3.3.2.2}{\376\377\0003\000.\0003\000.\0002\000.\0002\000\040\000s\000t\000o\000p\000\050\000\051}{subsection.3.3.2}% 29
\BOOKMARK [2][-]{subsection.3.3.3}{\376\377\0003\000.\0003\000.\0003\000\040\000M\000e\000m\000b\000e\000r\000\040\000D\000a\000t\000a\000\040\000D\000o\000c\000u\000m\000e\000n\000t\000a\000t\000i\000o\000n}{section.3.3}% 30
\BOOKMARK [3][-]{subsubsection.3.3.3.1}{\376\377\0003\000.\0003\000.\0003\000.\0001\000\040\000d\000e\000p\000a\000r\000t\000\137\000t\000i\000m\000e\000r}{subsection.3.3.3}% 31
\BOOKMARK [3][-]{subsubsection.3.3.3.2}{\376\377\0003\000.\0003\000.\0003\000.\0002\000\040\000i\000o}{subsection.3.3.3}% 32
\BOOKMARK [1][-]{section.3.4}{\376\377\0003\000.\0004\000\040\000G\000e\000n\000e\000r\000a\000t\000e\000u\000r\000\040\000C\000l\000a\000s\000s\000\040\000R\000e\000f\000e\000r\000e\000n\000c\000e}{chapter.3}% 33
\BOOKMARK [2][-]{subsection.3.4.1}{\376\377\0003\000.\0004\000.\0001\000\040\000C\000o\000n\000s\000t\000r\000u\000c\000t\000o\000r\000\040\000\046\000\040\000D\000e\000s\000t\000r\000u\000c\000t\000o\000r\000\040\000D\000o\000c\000u\000m\000e\000n\000t\000a\000t\000i\000o\000n}{section.3.4}% 34
\BOOKMARK [3][-]{subsubsection.3.4.1.1}{\376\377\0003\000.\0004\000.\0001\000.\0001\000\040\000G\000e\000n\000e\000r\000a\000t\000e\000u\000r\000\050\000\051}{subsection.3.4.1}% 35
\BOOKMARK [2][-]{subsection.3.4.2}{\376\377\0003\000.\0004\000.\0002\000\040\000M\000e\000m\000b\000e\000r\000\040\000F\000u\000n\000c\000t\000i\000o\000n\000\040\000D\000o\000c\000u\000m\000e\000n\000t\000a\000t\000i\000o\000n}{section.3.4}% 36
\BOOKMARK [3][-]{subsubsection.3.4.2.1}{\376\377\0003\000.\0004\000.\0002\000.\0001\000\040\000c\000h\000a\000r\000g\000e\000r\000\050\000\051}{subsection.3.4.2}% 37
\BOOKMARK [3][-]{subsubsection.3.4.2.2}{\376\377\0003\000.\0004\000.\0002\000.\0002\000\040\000c\000h\000a\000r\000g\000e\000r\000\137\000b\000a\000t\000t\000e\000r\000i\000e\000\050\000\051}{subsection.3.4.2}% 38
\BOOKMARK [3][-]{subsubsection.3.4.2.3}{\376\377\0003\000.\0004\000.\0002\000.\0003\000\040\000d\000e\000c\000o\000n\000n\000e\000c\000t\000e\000r\000\050\000\051}{subsection.3.4.2}% 39
\BOOKMARK [3][-]{subsubsection.3.4.2.4}{\376\377\0003\000.\0004\000.\0002\000.\0004\000\040\000f\000e\000r\000m\000e\000r\000\137\000A\000C\000\050\000\051}{subsection.3.4.2}% 40
\BOOKMARK [3][-]{subsubsection.3.4.2.5}{\376\377\0003\000.\0004\000.\0002\000.\0005\000\040\000g\000e\000n\000e\000r\000a\000t\000e\000u\000r\000s\000a\000v\000e\000\137\000i\000n\000i\000t\000i\000a\000l\000i\000s\000e\000r\000\050\000\051}{subsection.3.4.2}% 41
\BOOKMARK [3][-]{subsubsection.3.4.2.6}{\376\377\0003\000.\0004\000.\0002\000.\0006\000\040\000g\000e\000n\000e\000r\000e\000r\000\137\000P\000W\000M\000\050\000\051}{subsection.3.4.2}% 42
\BOOKMARK [3][-]{subsubsection.3.4.2.7}{\376\377\0003\000.\0004\000.\0002\000.\0007\000\040\000o\000u\000v\000r\000i\000r\000\137\000A\000C\000\050\000\051}{subsection.3.4.2}% 43
\BOOKMARK [3][-]{subsubsection.3.4.2.8}{\376\377\0003\000.\0004\000.\0002\000.\0008\000\040\000t\000e\000n\000s\000i\000o\000n\000\050\000\051}{subsection.3.4.2}% 44
\BOOKMARK [2][-]{subsection.3.4.3}{\376\377\0003\000.\0004\000.\0003\000\040\000M\000e\000m\000b\000e\000r\000\040\000D\000a\000t\000a\000\040\000D\000o\000c\000u\000m\000e\000n\000t\000a\000t\000i\000o\000n}{section.3.4}% 45
\BOOKMARK [3][-]{subsubsection.3.4.3.1}{\376\377\0003\000.\0004\000.\0003\000.\0001\000\040\000d\000e\000p\000a\000r\000t\000\137\000t\000i\000m\000e\000r}{subsection.3.4.3}% 46
\BOOKMARK [3][-]{subsubsection.3.4.3.2}{\376\377\0003\000.\0004\000.\0003\000.\0002\000\040\000i\000o}{subsection.3.4.3}% 47
\BOOKMARK [3][-]{subsubsection.3.4.3.3}{\376\377\0003\000.\0004\000.\0003\000.\0003\000\040\000n\000u\000m\000\137\000c\000l\000i\000e\000n\000t}{subsection.3.4.3}% 48
\BOOKMARK [1][-]{section.3.5}{\376\377\0003\000.\0005\000\040\000L\000e\000c\000t\000e\000u\000r\000C\000a\000r\000t\000e\000\040\000C\000l\000a\000s\000s\000\040\000R\000e\000f\000e\000r\000e\000n\000c\000e}{chapter.3}% 49
\BOOKMARK [2][-]{subsection.3.5.1}{\376\377\0003\000.\0005\000.\0001\000\040\000C\000o\000n\000s\000t\000r\000u\000c\000t\000o\000r\000\040\000\046\000\040\000D\000e\000s\000t\000r\000u\000c\000t\000o\000r\000\040\000D\000o\000c\000u\000m\000e\000n\000t\000a\000t\000i\000o\000n}{section.3.5}% 50
\BOOKMARK [3][-]{subsubsection.3.5.1.1}{\376\377\0003\000.\0005\000.\0001\000.\0001\000\040\000L\000e\000c\000t\000e\000u\000r\000C\000a\000r\000t\000e\000\050\000\051}{subsection.3.5.1}% 51
\BOOKMARK [2][-]{subsection.3.5.2}{\376\377\0003\000.\0005\000.\0002\000\040\000M\000e\000m\000b\000e\000r\000\040\000F\000u\000n\000c\000t\000i\000o\000n\000\040\000D\000o\000c\000u\000m\000e\000n\000t\000a\000t\000i\000o\000n}{section.3.5}% 52
\BOOKMARK [3][-]{subsubsection.3.5.2.1}{\376\377\0003\000.\0005\000.\0002\000.\0001\000\040\000\137\000l\000i\000r\000e\000\137\000c\000a\000r\000t\000e\000\137\000a\000j\000o\000u\000t\000e\000r\000\050\000\051}{subsection.3.5.2}% 53
\BOOKMARK [3][-]{subsubsection.3.5.2.2}{\376\377\0003\000.\0005\000.\0002\000.\0002\000\040\000\137\000l\000i\000r\000e\000\137\000c\000a\000r\000t\000e\000\137\000s\000u\000p\000p\000r\000i\000m\000e\000r\000\050\000\051}{subsection.3.5.2}% 54
\BOOKMARK [3][-]{subsubsection.3.5.2.3}{\376\377\0003\000.\0005\000.\0002\000.\0003\000\040\000c\000o\000n\000n\000e\000c\000t\000\137\000g\000e\000n\000e\000\050\000\051}{subsection.3.5.2}% 55
\BOOKMARK [3][-]{subsubsection.3.5.2.4}{\376\377\0003\000.\0005\000.\0002\000.\0004\000\040\000l\000e\000c\000t\000e\000u\000r\000c\000a\000r\000t\000e\000\137\000l\000i\000r\000e\000\137\000c\000a\000r\000t\000e\000\050\000\051}{subsection.3.5.2}% 56
\BOOKMARK [3][-]{subsubsection.3.5.2.5}{\376\377\0003\000.\0005\000.\0002\000.\0005\000\040\000l\000e\000c\000t\000e\000u\000r\000c\000a\000r\000t\000e\000\137\000r\000e\000l\000i\000r\000e\000\137\000c\000a\000r\000t\000e\000\050\000\051}{subsection.3.5.2}% 57
\BOOKMARK [3][-]{subsubsection.3.5.2.6}{\376\377\0003\000.\0005\000.\0002\000.\0006\000\040\000l\000i\000r\000e\000\137\000c\000a\000r\000t\000e\000\050\000\051}{subsection.3.5.2}% 58
\BOOKMARK [2][-]{subsection.3.5.3}{\376\377\0003\000.\0005\000.\0003\000\040\000M\000e\000m\000b\000e\000r\000\040\000D\000a\000t\000a\000\040\000D\000o\000c\000u\000m\000e\000n\000t\000a\000t\000i\000o\000n}{section.3.5}% 59
\BOOKMARK [3][-]{subsubsection.3.5.3.1}{\376\377\0003\000.\0005\000.\0003\000.\0001\000\040\000d\000e\000p\000a\000r\000t\000\137\000t\000i\000m\000e\000r}{subsection.3.5.3}% 60
\BOOKMARK [3][-]{subsubsection.3.5.3.2}{\376\377\0003\000.\0005\000.\0003\000.\0002\000\040\000i\000o}{subsection.3.5.3}% 61
\BOOKMARK [3][-]{subsubsection.3.5.3.3}{\376\377\0003\000.\0005\000.\0003\000.\0003\000\040\000n\000u\000m\000\137\000c\000l\000i\000e\000n\000t}{subsection.3.5.3}% 62
\BOOKMARK [1][-]{section.3.6}{\376\377\0003\000.\0006\000\040\000P\000r\000i\000s\000e\000\040\000C\000l\000a\000s\000s\000\040\000R\000e\000f\000e\000r\000e\000n\000c\000e}{chapter.3}% 63
\BOOKMARK [2][-]{subsection.3.6.1}{\376\377\0003\000.\0006\000.\0001\000\040\000C\000o\000n\000s\000t\000r\000u\000c\000t\000o\000r\000\040\000\046\000\040\000D\000e\000s\000t\000r\000u\000c\000t\000o\000r\000\040\000D\000o\000c\000u\000m\000e\000n\000t\000a\000t\000i\000o\000n}{section.3.6}% 64
\BOOKMARK [3][-]{subsubsection.3.6.1.1}{\376\377\0003\000.\0006\000.\0001\000.\0001\000\040\000P\000r\000i\000s\000e\000\050\000\051}{subsection.3.6.1}% 65
\BOOKMARK [2][-]{subsection.3.6.2}{\376\377\0003\000.\0006\000.\0002\000\040\000M\000e\000m\000b\000e\000r\000\040\000F\000u\000n\000c\000t\000i\000o\000n\000\040\000D\000o\000c\000u\000m\000e\000n\000t\000a\000t\000i\000o\000n}{section.3.6}% 66
\BOOKMARK [3][-]{subsubsection.3.6.2.1}{\376\377\0003\000.\0006\000.\0002\000.\0001\000\040\000a\000t\000t\000e\000n\000t\000e\000\137\000p\000d\000e\000b\000r\000a\000n\000c\000h\000e\000\050\000\051}{subsection.3.6.2}% 67
\BOOKMARK [3][-]{subsubsection.3.6.2.2}{\376\377\0003\000.\0006\000.\0002\000.\0002\000\040\000d\000e\000v\000e\000r\000o\000u\000i\000l\000l\000e\000r\000\137\000t\000r\000a\000p\000p\000e\000\050\000\051}{subsection.3.6.2}% 68
\BOOKMARK [3][-]{subsubsection.3.6.2.3}{\376\377\0003\000.\0006\000.\0002\000.\0003\000\040\000s\000e\000t\000\137\000p\000r\000i\000s\000e\000\050\000\051}{subsection.3.6.2}% 69
\BOOKMARK [3][-]{subsubsection.3.6.2.4}{\376\377\0003\000.\0006\000.\0002\000.\0004\000\040\000v\000e\000r\000o\000u\000i\000l\000l\000e\000r\000\137\000t\000r\000a\000p\000p\000e\000\050\000\051}{subsection.3.6.2}% 70
\BOOKMARK [1][-]{section.3.7}{\376\377\0003\000.\0007\000\040\000T\000i\000m\000e\000r\000\040\000C\000l\000a\000s\000s\000\040\000R\000e\000f\000e\000r\000e\000n\000c\000e}{chapter.3}% 71
\BOOKMARK [2][-]{subsection.3.7.1}{\376\377\0003\000.\0007\000.\0001\000\040\000C\000o\000n\000s\000t\000r\000u\000c\000t\000o\000r\000\040\000\046\000\040\000D\000e\000s\000t\000r\000u\000c\000t\000o\000r\000\040\000D\000o\000c\000u\000m\000e\000n\000t\000a\000t\000i\000o\000n}{section.3.7}% 72
\BOOKMARK [3][-]{subsubsection.3.7.1.1}{\376\377\0003\000.\0007\000.\0001\000.\0001\000\040\000T\000i\000m\000e\000r\000\050\000\051}{subsection.3.7.1}% 73
\BOOKMARK [2][-]{subsection.3.7.2}{\376\377\0003\000.\0007\000.\0002\000\040\000M\000e\000m\000b\000e\000r\000\040\000F\000u\000n\000c\000t\000i\000o\000n\000\040\000D\000o\000c\000u\000m\000e\000n\000t\000a\000t\000i\000o\000n}{section.3.7}% 74
\BOOKMARK [3][-]{subsubsection.3.7.2.1}{\376\377\0003\000.\0007\000.\0002\000.\0001\000\040\000r\000a\000z\000\050\000\051}{subsection.3.7.2}% 75
\BOOKMARK [3][-]{subsubsection.3.7.2.2}{\376\377\0003\000.\0007\000.\0002\000.\0002\000\040\000v\000a\000l\000e\000u\000r\000\050\000\051}{subsection.3.7.2}% 76
\BOOKMARK [1][-]{section.3.8}{\376\377\0003\000.\0008\000\040\000V\000o\000y\000a\000n\000t\000s\000\040\000C\000l\000a\000s\000s\000\040\000R\000e\000f\000e\000r\000e\000n\000c\000e}{chapter.3}% 77
\BOOKMARK [2][-]{subsection.3.8.1}{\376\377\0003\000.\0008\000.\0001\000\040\000C\000o\000n\000s\000t\000r\000u\000c\000t\000o\000r\000\040\000\046\000\040\000D\000e\000s\000t\000r\000u\000c\000t\000o\000r\000\040\000D\000o\000c\000u\000m\000e\000n\000t\000a\000t\000i\000o\000n}{section.3.8}% 78
\BOOKMARK [3][-]{subsubsection.3.8.1.1}{\376\377\0003\000.\0008\000.\0001\000.\0001\000\040\000V\000o\000y\000a\000n\000t\000s\000\050\000\051}{subsection.3.8.1}% 79
\BOOKMARK [2][-]{subsection.3.8.2}{\376\377\0003\000.\0008\000.\0002\000\040\000M\000e\000m\000b\000e\000r\000\040\000F\000u\000n\000c\000t\000i\000o\000n\000\040\000D\000o\000c\000u\000m\000e\000n\000t\000a\000t\000i\000o\000n}{section.3.8}% 80
\BOOKMARK [3][-]{subsubsection.3.8.2.1}{\376\377\0003\000.\0008\000.\0002\000.\0001\000\040\000s\000e\000t\000\137\000c\000h\000a\000r\000g\000e\000\050\000\051}{subsection.3.8.2}% 81
\BOOKMARK [3][-]{subsubsection.3.8.2.2}{\376\377\0003\000.\0008\000.\0002\000.\0002\000\040\000s\000e\000t\000\137\000d\000i\000s\000p\000o\000\050\000\051}{subsection.3.8.2}% 82
\BOOKMARK [2][-]{subsection.3.8.3}{\376\377\0003\000.\0008\000.\0003\000\040\000M\000e\000m\000b\000e\000r\000\040\000D\000a\000t\000a\000\040\000D\000o\000c\000u\000m\000e\000n\000t\000a\000t\000i\000o\000n}{section.3.8}% 83
\BOOKMARK [3][-]{subsubsection.3.8.3.1}{\376\377\0003\000.\0008\000.\0003\000.\0001\000\040\000d\000e\000p\000a\000r\000t\000\137\000t\000i\000m\000e\000r}{subsection.3.8.3}% 84
\BOOKMARK [3][-]{subsubsection.3.8.3.2}{\376\377\0003\000.\0008\000.\0003\000.\0002\000\040\000i\000o}{subsection.3.8.3}% 85
\BOOKMARK [3][-]{subsubsection.3.8.3.3}{\376\377\0003\000.\0008\000.\0003\000.\0003\000\040\000n\000u\000m\000\137\000c\000l\000i\000e\000n\000t}{subsection.3.8.3}% 86
\BOOKMARK [0][-]{chapter.4}{\376\377\0004\000\040\000F\000i\000l\000e\000\040\000D\000o\000c\000u\000m\000e\000n\000t\000a\000t\000i\000o\000n}{}% 87
\BOOKMARK [1][-]{section.4.1}{\376\377\0004\000.\0001\000\040\000C\000:\000/\000U\000s\000e\000r\000s\000/\000c\000y\000p\000r\000i\000e\000n\000\040\000q\000u\000i\000v\000e\000t\000/\000D\000e\000s\000k\000t\000o\000p\000/\000G\000I\000T\000/\000M\000A\000S\000T\000E\000R\000\137\000S\000M\000E\000\137\000G\000I\000T\000/\000R\000e\000a\000l\000i\000s\000a\000t\000i\000o\000n\000S\000y\000s\000t\000e\000m\000e\000/\000p\000r\000o\000j\000e\000t\000\137\000u\000m\000l\000\137\000c\000+\000+\000/\000b\000a\000s\000e\000\137\000d\000o\000n\000n\000e\000e\000.\000h\000\040\000F\000i\000l\000e\000\040\000R\000e\000f\000e\000r\000e\000n\000c\000e}{chapter.4}% 88
\BOOKMARK [2][-]{subsection.4.1.1}{\376\377\0004\000.\0001\000.\0001\000\040\000D\000e\000t\000a\000i\000l\000e\000d\000\040\000D\000e\000s\000c\000r\000i\000p\000t\000i\000o\000n}{section.4.1}% 89
\BOOKMARK [1][-]{section.4.2}{\376\377\0004\000.\0002\000\040\000C\000:\000/\000U\000s\000e\000r\000s\000/\000c\000y\000p\000r\000i\000e\000n\000\040\000q\000u\000i\000v\000e\000t\000/\000D\000e\000s\000k\000t\000o\000p\000/\000G\000I\000T\000/\000M\000A\000S\000T\000E\000R\000\137\000S\000M\000E\000\137\000G\000I\000T\000/\000R\000e\000a\000l\000i\000s\000a\000t\000i\000o\000n\000S\000y\000s\000t\000e\000m\000e\000/\000p\000r\000o\000j\000e\000t\000\137\000u\000m\000l\000\137\000c\000+\000+\000/\000b\000o\000r\000n\000e\000.\000h\000\040\000F\000i\000l\000e\000\040\000R\000e\000f\000e\000r\000e\000n\000c\000e}{chapter.4}% 90
\BOOKMARK [2][-]{subsection.4.2.1}{\376\377\0004\000.\0002\000.\0001\000\040\000D\000e\000t\000a\000i\000l\000e\000d\000\040\000D\000e\000s\000c\000r\000i\000p\000t\000i\000o\000n}{section.4.2}% 91
\BOOKMARK [1][-]{section.4.3}{\376\377\0004\000.\0003\000\040\000C\000:\000/\000U\000s\000e\000r\000s\000/\000c\000y\000p\000r\000i\000e\000n\000\040\000q\000u\000i\000v\000e\000t\000/\000D\000e\000s\000k\000t\000o\000p\000/\000G\000I\000T\000/\000M\000A\000S\000T\000E\000R\000\137\000S\000M\000E\000\137\000G\000I\000T\000/\000R\000e\000a\000l\000i\000s\000a\000t\000i\000o\000n\000S\000y\000s\000t\000e\000m\000e\000/\000p\000r\000o\000j\000e\000t\000\137\000u\000m\000l\000\137\000c\000+\000+\000/\000b\000o\000u\000t\000o\000n\000s\000.\000h\000\040\000F\000i\000l\000e\000\040\000R\000e\000f\000e\000r\000e\000n\000c\000e}{chapter.4}% 92
\BOOKMARK [2][-]{subsection.4.3.1}{\376\377\0004\000.\0003\000.\0001\000\040\000D\000e\000t\000a\000i\000l\000e\000d\000\040\000D\000e\000s\000c\000r\000i\000p\000t\000i\000o\000n}{section.4.3}% 93
\BOOKMARK [1][-]{section.4.4}{\376\377\0004\000.\0004\000\040\000C\000:\000/\000U\000s\000e\000r\000s\000/\000c\000y\000p\000r\000i\000e\000n\000\040\000q\000u\000i\000v\000e\000t\000/\000D\000e\000s\000k\000t\000o\000p\000/\000G\000I\000T\000/\000M\000A\000S\000T\000E\000R\000\137\000S\000M\000E\000\137\000G\000I\000T\000/\000R\000e\000a\000l\000i\000s\000a\000t\000i\000o\000n\000S\000y\000s\000t\000e\000m\000e\000/\000p\000r\000o\000j\000e\000t\000\137\000u\000m\000l\000\137\000c\000+\000+\000/\000l\000e\000c\000t\000e\000u\000r\000c\000a\000r\000t\000e\000.\000h\000\040\000F\000i\000l\000e\000\040\000R\000e\000f\000e\000r\000e\000n\000c\000e}{chapter.4}% 94
\BOOKMARK [2][-]{subsection.4.4.1}{\376\377\0004\000.\0004\000.\0001\000\040\000D\000e\000t\000a\000i\000l\000e\000d\000\040\000D\000e\000s\000c\000r\000i\000p\000t\000i\000o\000n}{section.4.4}% 95
\BOOKMARK [1][-]{section.4.5}{\376\377\0004\000.\0005\000\040\000C\000:\000/\000U\000s\000e\000r\000s\000/\000c\000y\000p\000r\000i\000e\000n\000\040\000q\000u\000i\000v\000e\000t\000/\000D\000e\000s\000k\000t\000o\000p\000/\000G\000I\000T\000/\000M\000A\000S\000T\000E\000R\000\137\000S\000M\000E\000\137\000G\000I\000T\000/\000R\000e\000a\000l\000i\000s\000a\000t\000i\000o\000n\000S\000y\000s\000t\000e\000m\000e\000/\000p\000r\000o\000j\000e\000t\000\137\000u\000m\000l\000\137\000c\000+\000+\000/\000p\000r\000i\000s\000e\000.\000h\000\040\000F\000i\000l\000e\000\040\000R\000e\000f\000e\000r\000e\000n\000c\000e}{chapter.4}% 96
\BOOKMARK [2][-]{subsection.4.5.1}{\376\377\0004\000.\0005\000.\0001\000\040\000D\000e\000t\000a\000i\000l\000e\000d\000\040\000D\000e\000s\000c\000r\000i\000p\000t\000i\000o\000n}{section.4.5}% 97
\BOOKMARK [1][-]{section.4.6}{\376\377\0004\000.\0006\000\040\000C\000:\000/\000U\000s\000e\000r\000s\000/\000c\000y\000p\000r\000i\000e\000n\000\040\000q\000u\000i\000v\000e\000t\000/\000D\000e\000s\000k\000t\000o\000p\000/\000G\000I\000T\000/\000M\000A\000S\000T\000E\000R\000\137\000S\000M\000E\000\137\000G\000I\000T\000/\000R\000e\000a\000l\000i\000s\000a\000t\000i\000o\000n\000S\000y\000s\000t\000e\000m\000e\000/\000p\000r\000o\000j\000e\000t\000\137\000u\000m\000l\000\137\000c\000+\000+\000/\000t\000i\000m\000e\000r\000.\000h\000\040\000F\000i\000l\000e\000\040\000R\000e\000f\000e\000r\000e\000n\000c\000e}{chapter.4}% 98
\BOOKMARK [2][-]{subsection.4.6.1}{\376\377\0004\000.\0006\000.\0001\000\040\000D\000e\000t\000a\000i\000l\000e\000d\000\040\000D\000e\000s\000c\000r\000i\000p\000t\000i\000o\000n}{section.4.6}% 99
\BOOKMARK [1][-]{section.4.7}{\376\377\0004\000.\0007\000\040\000C\000:\000/\000U\000s\000e\000r\000s\000/\000c\000y\000p\000r\000i\000e\000n\000\040\000q\000u\000i\000v\000e\000t\000/\000D\000e\000s\000k\000t\000o\000p\000/\000G\000I\000T\000/\000M\000A\000S\000T\000E\000R\000\137\000S\000M\000E\000\137\000G\000I\000T\000/\000R\000e\000a\000l\000i\000s\000a\000t\000i\000o\000n\000S\000y\000s\000t\000e\000m\000e\000/\000p\000r\000o\000j\000e\000t\000\137\000u\000m\000l\000\137\000c\000+\000+\000/\000v\000o\000y\000a\000n\000t\000s\000.\000h\000\040\000F\000i\000l\000e\000\040\000R\000e\000f\000e\000r\000e\000n\000c\000e}{chapter.4}% 100
\BOOKMARK [2][-]{subsection.4.7.1}{\376\377\0004\000.\0007\000.\0001\000\040\000D\000e\000t\000a\000i\000l\000e\000d\000\040\000D\000e\000s\000c\000r\000i\000p\000t\000i\000o\000n}{section.4.7}% 101
\BOOKMARK [0][-]{section*.21}{\376\377\000I\000n\000d\000e\000x}{}% 102
